2022-04-28 15:04:15.908 [JettyServerThreadPool-17] DEBUG com.revature.dao.CustomerDAOImpl - Failure to add Customer to database:...  eeeer
2022-04-28 15:04:15.914 [JettyServerThreadPool-17] ERROR com.revature.dao.CustomerDAOImpl - ERROR: update or delete on table "customers" violates foreign key constraint "accounts_primary_owner_fkey" on table "accounts"
  Detail: Key (username)=(eeeer) is still referenced from table "accounts".
2022-04-28 15:13:53.861 [JettyServerThreadPool-28] DEBUG com.revature.dao.CustomerDAOImpl - Failure to add Customer to database:...  eeeer
2022-04-28 15:13:53.865 [JettyServerThreadPool-28] ERROR com.revature.dao.CustomerDAOImpl - No value specified for parameter 3.
2022-04-28 15:15:31.311 [JettyServerThreadPool-23] DEBUG com.revature.dao.CustomerDAOImpl - Failure to add Customer to database:...  eeeer
2022-04-28 15:15:31.317 [JettyServerThreadPool-23] ERROR com.revature.dao.CustomerDAOImpl - ERROR: argument of AND must be type boolean, not type character varying
  Position: 35
2022-04-28 15:16:07.935 [main] ERROR com.revature.dao.BankDriver - null
2022-04-28 15:16:07.940 [main] DEBUG com.revature.dao.BankDriver - Failure at Login / Register..
2022-04-28 15:18:58.839 [JettyServerThreadPool-22] DEBUG com.revature.dao.CustomerDAOImpl - Failure to add Customer to database:...  eeeer
2022-04-28 15:18:58.848 [JettyServerThreadPool-22] ERROR com.revature.dao.CustomerDAOImpl - No value specified for parameter 4.
2022-04-28 15:19:41.859 [main] ERROR com.revature.dao.BankDriver - null
2022-04-28 15:19:54.884 [JettyServerThreadPool-28] DEBUG com.revature.dao.CustomerDAOImpl - Failure to add Customer to database:...  eeeer
2022-04-28 15:19:54.888 [JettyServerThreadPool-28] ERROR com.revature.dao.CustomerDAOImpl - No value specified for parameter 4.
2022-04-28 15:20:09.183 [main] ERROR com.revature.dao.BankDriver - null
2022-04-28 15:20:21.974 [JettyServerThreadPool-28] DEBUG com.revature.dao.CustomerDAOImpl - Failure to add Customer to database:...  eeeer
2022-04-28 15:20:21.979 [JettyServerThreadPool-28] ERROR com.revature.dao.CustomerDAOImpl - ERROR: column "password" of relation "customers" does not exist
  Position: 55
2022-04-28 15:20:39.434 [main] ERROR com.revature.dao.BankDriver - null
2022-04-28 15:20:39.436 [main] DEBUG com.revature.dao.BankDriver - Failure at Login / Register..
2022-04-28 15:59:50.336 [main] DEBUG com.revature.dao.BankDriver - INVALID INPUT TRY AGAIN...
2022-04-28 15:59:50.352 [main] ERROR com.revature.dao.BankDriver - null
2022-04-28 16:00:46.094 [main] DEBUG com.revature.dao.BankDriver - INVALID INPUT TRY AGAIN...
2022-04-28 16:00:46.097 [main] ERROR com.revature.dao.BankDriver - null
2022-04-28 17:09:48.372 [JettyServerThreadPool-16] ERROR com.revature.dao.EmployeeDAOImpl - ERROR: column "first_name" of relation "employees" does not exist
  Position: 23
2022-04-28 17:11:25.122 [main] ERROR com.revature.dao.BankDriver - null
2022-04-28 17:11:40.612 [JettyServerThreadPool-24] ERROR com.revature.dao.EmployeeDAOImpl - ERROR: null value in column "bank_admin" violates not-null constraint
  Detail: Failing row contains (3, Carl, Smith, goat3, hdyet4, null).
2022-04-28 17:13:38.909 [main] ERROR com.revature.dao.BankDriver - null
2022-04-28 17:13:38.915 [main] DEBUG com.revature.dao.BankDriver - Failure at Login / Register..
2022-04-28 22:06:41.381 [main] ERROR com.revature.dao.AccountDAOImpl - null
2022-04-28 22:06:41.392 [main] DEBUG com.revature.dao.AccountDAOImpl - INVALID INPUT...
2022-04-28 22:28:23.454 [main] ERROR com.revature.dao.AccountDAOImpl - null
2022-04-28 22:28:23.458 [main] DEBUG com.revature.dao.AccountDAOImpl - INVALID INPUT...
